Thu Jul 28 2016 13:37:10 GMT-0400 (EDT): GET /about
Thu Jul 28 2016 13:37:11 GMT-0400 (EDT): GET /favicon.ico
Thu Jul 28 2016 13:42:16 GMT-0400 (EDT): GET /about
Thu Jul 28 2016 13:42:21 GMT-0400 (EDT): GET /
Thu Jul 28 2016 13:43:41 GMT-0400 (EDT): GET /help.html
Thu Jul 28 2016 13:43:46 GMT-0400 (EDT): GET /
Thu Jul 28 2016 13:46:17 GMT-0400 (EDT): GET /
Thu Jul 28 2016 13:46:42 GMT-0400 (EDT): GET /
Thu Jul 28 2016 13:46:45 GMT-0400 (EDT): GET /about
Mon Aug 01 2016 09:26:30 GMT-0400 (EDT): GET /
Mon Aug 01 2016 09:26:31 GMT-0400 (EDT): GET /favicon.ico
Mon Aug 01 2016 10:02:53 GMT-0400 (EDT): GET /
Mon Aug 01 2016 10:02:56 GMT-0400 (EDT): GET /
Mon Aug 01 2016 10:02:58 GMT-0400 (EDT): GET /about
Mon Aug 01 2016 10:02:59 GMT-0400 (EDT): GET /projects
Sat Oct 06 2018 10:08:53 GMT+0530 (IST): GET /
Sat Oct 06 2018 10:08:57 GMT+0530 (IST): GET /projects
Sat Oct 06 2018 10:08:57 GMT+0530 (IST): GET /about
Sat Oct 06 2018 10:08:58 GMT+0530 (IST): GET /
Sat Oct 06 2018 10:09:02 GMT+0530 (IST): GET /about
Sat Oct 06 2018 10:09:03 GMT+0530 (IST): GET /
Sat Oct 06 2018 10:09:05 GMT+0530 (IST): GET /projects
